# JRE version: Java(TM) SE Runtime Environment (8.0_05-b13) (build 1.8.0_05-b13)
# Java VM: Java HotSpot(TM) 64-Bit Server VM (25.5-b02 mixed mode windows-amd64 compressed oops)
Heap:
 PSYoungGen      total 169472K, used 68177K [0x00000000d5d00000, 0x00000000e1a00000, 0x0000000100000000)
  eden space 144896K, 37% used [0x00000000d5d00000,0x00000000d92159b8,0x00000000dea80000)
  from space 24576K, 56% used [0x00000000dea80000,0x00000000df7feb80,0x00000000e0280000)
  to   space 23552K, 0% used [0x00000000e0300000,0x00000000e0300000,0x00000000e1a00000)
 ParOldGen       total 290304K, used 239475K [0x0000000081600000, 0x0000000093180000, 0x00000000d5d00000)
  object space 290304K, 82% used [0x0000000081600000,0x000000008ffdce30,0x0000000093180000)
 Metaspace       used 150891K, capacity 163560K, committed 163840K, reserved 1193984K
  class space    used 16923K, capacity 18914K, committed 18944K, reserved 1048576K
GC Heap History (10 events):
Event: 4113.480 GC heap before
{Heap before GC invocations=237 (full 40):
 PSYoungGen      total 168448K, used 7280K [0x00000000d5d00000, 0x00000000e1b00000, 0x0000000100000000)
  eden space 143360K, 0% used [0x00000000d5d00000,0x00000000d5d00000,0x00000000de900000)
  from space 25088K, 29% used [0x00000000de900000,0x00000000df01c020,0x00000000e0180000)
  to   space 25600K, 0% used [0x00000000e0200000,0x00000000e0200000,0x00000000e1b00000)
 ParOldGen       total 290304K, used 244756K [0x0000000081600000, 0x0000000093180000, 0x00000000d5d00000)
  object space 290304K, 84% used [0x0000000081600000,0x00000000905050c0,0x0000000093180000)
 Metaspace       used 148126K, capacity 160424K, committed 160512K, reserved 1191936K
  class space    used 16658K, capacity 18652K, committed 18688K, reserved 1048576K
Event: 4114.612 GC heap after
Heap after GC invocations=237 (full 40):
 PSYoungGen      total 168448K, used 0K [0x00000000d5d00000, 0x00000000e1b00000, 0x0000000100000000)
  eden space 143360K, 0% used [0x00000000d5d00000,0x00000000d5d00000,0x00000000de900000)
  from space 25088K, 0% used [0x00000000de900000,0x00000000de900000,0x00000000e0180000)
  to   space 25600K, 0% used [0x00000000e0200000,0x00000000e0200000,0x00000000e1b00000)
 ParOldGen       total 290304K, used 239459K [0x0000000081600000, 0x0000000093180000, 0x00000000d5d00000)
  object space 290304K, 82% used [0x0000000081600000,0x000000008ffd8e30,0x0000000093180000)
 Metaspace       used 148009K, capacity 160238K, committed 160512K, reserved 1191936K
  class space    used 16640K, capacity 18621K, committed 18688K, reserved 1048576K
}
Event: 4115.599 GC heap before
{Heap before GC invocations=238 (full 40):
 PSYoungGen      total 168448K, used 143360K [0x00000000d5d00000, 0x00000000e1b00000, 0x0000000100000000)
  eden space 143360K, 100% used [0x00000000d5d00000,0x00000000de900000,0x00000000de900000)
  from space 25088K, 0% used [0x00000000de900000,0x00000000de900000,0x00000000e0180000)
  to   space 25600K, 0% used [0x00000000e0200000,0x00000000e0200000,0x00000000e1b00000)
 ParOldGen       total 290304K, used 239459K [0x0000000081600000, 0x0000000093180000, 0x00000000d5d00000)
  object space 290304K, 82% used [0x0000000081600000,0x000000008ffd8e30,0x0000000093180000)
 Metaspace       used 148775K, capacity 161054K, committed 161408K, reserved 1191936K
  class space    used 16731K, capacity 18725K, committed 18816K, reserved 1048576K
Event: 4115.607 GC heap after
Heap after GC invocations=238 (full 40):
 PSYoungGen      total 168960K, used 8651K [0x00000000d5d00000, 0x00000000e1b80000, 0x0000000100000000)
  eden space 143360K, 0% used [0x00000000d5d00000,0x00000000d5d00000,0x00000000de900000)
  from space 25600K, 33% used [0x00000000e0200000,0x00000000e0a72f70,0x00000000e1b00000)
  to   space 25600K, 0% used [0x00000000de900000,0x00000000de900000,0x00000000e0200000)
 ParOldGen       total 290304K, used 239459K [0x0000000081600000, 0x0000000093180000, 0x00000000d5d00000)
  object space 290304K, 82% used [0x0000000081600000,0x000000008ffd8e30,0x0000000093180000)
 Metaspace       used 148775K, capacity 161054K, committed 161408K, reserved 1191936K
  class space    used 16731K, capacity 18725K, committed 18816K, reserved 1048576K
}
Event: 4115.803 GC heap before
{Heap before GC invocations=239 (full 40):
 PSYoungGen      total 168960K, used 151986K [0x00000000d5d00000, 0x00000000e1b80000, 0x0000000100000000)
  eden space 143360K, 99% used [0x00000000d5d00000,0x00000000de8f98c8,0x00000000de900000)
  from space 25600K, 33% used [0x00000000e0200000,0x00000000e0a72f70,0x00000000e1b00000)
  to   space 25600K, 0% used [0x00000000de900000,0x00000000de900000,0x00000000e0200000)
 ParOldGen       total 290304K, used 239459K [0x0000000081600000, 0x0000000093180000, 0x00000000d5d00000)
  object space 290304K, 82% used [0x0000000081600000,0x000000008ffd8e30,0x0000000093180000)
 Metaspace       used 149243K, capacity 161502K, committed 162048K, reserved 1191936K
  class space    used 16779K, capacity 18789K, committed 18944K, reserved 1048576K
Event: 4115.809 GC heap after
Heap after GC invocations=239 (full 40):
 PSYoungGen      total 168960K, used 7200K [0x00000000d5d00000, 0x00000000e1c80000, 0x0000000100000000)
  eden space 143360K, 0% used [0x00000000d5d00000,0x00000000d5d00000,0x00000000de900000)
  from space 25600K, 28% used [0x00000000de900000,0x00000000df008030,0x00000000e0200000)
  to   space 25600K, 0% used [0x00000000e0380000,0x00000000e0380000,0x00000000e1c80000)
 ParOldGen       total 290304K, used 239459K [0x0000000081600000, 0x0000000093180000, 0x00000000d5d00000)
  object space 290304K, 82% used [0x0000000081600000,0x000000008ffd8e30,0x0000000093180000)
 Metaspace       used 149243K, capacity 161502K, committed 162048K, reserved 1191936K
  class space    used 16779K, capacity 18789K, committed 18944K, reserved 1048576K
}
Event: 4116.702 GC heap before
{Heap before GC invocations=240 (full 40):
 PSYoungGen      total 168960K, used 150560K [0x00000000d5d00000, 0x00000000e1c80000, 0x0000000100000000)
  eden space 143360K, 100% used [0x00000000d5d00000,0x00000000de900000,0x00000000de900000)
  from space 25600K, 28% used [0x00000000de900000,0x00000000df008030,0x00000000e0200000)
  to   space 25600K, 0% used [0x00000000e0380000,0x00000000e0380000,0x00000000e1c80000)
 ParOldGen       total 290304K, used 239459K [0x0000000081600000, 0x0000000093180000, 0x00000000d5d00000)
  object space 290304K, 82% used [0x0000000081600000,0x000000008ffd8e30,0x0000000093180000)
 Metaspace       used 150392K, capacity 162692K, committed 163072K, reserved 1193984K
  class space    used 16873K, capacity 18870K, committed 18944K, reserved 1048576K
Event: 4116.711 GC heap after
Heap after GC invocations=240 (full 40):
 PSYoungGen      total 168448K, used 11416K [0x00000000d5d00000, 0x00000000e1a80000, 0x0000000100000000)
  eden space 144896K, 0% used [0x00000000d5d00000,0x00000000d5d00000,0x00000000dea80000)
  from space 23552K, 48% used [0x00000000e0380000,0x00000000e0ea61e8,0x00000000e1a80000)
  to   space 24576K, 0% used [0x00000000dea80000,0x00000000dea80000,0x00000000e0280000)
 ParOldGen       total 290304K, used 239467K [0x0000000081600000, 0x0000000093180000, 0x00000000d5d00000)
  object space 290304K, 82% used [0x0000000081600000,0x000000008ffdae30,0x0000000093180000)
 Metaspace       used 150392K, capacity 162692K, committed 163072K, reserved 1193984K
  class space    used 16873K, capacity 18870K, committed 18944K, reserved 1048576K
}
Event: 4119.939 GC heap before
{Heap before GC invocations=241 (full 40):
 PSYoungGen      total 168448K, used 156312K [0x00000000d5d00000, 0x00000000e1a80000, 0x0000000100000000)
  eden space 144896K, 100% used [0x00000000d5d00000,0x00000000dea80000,0x00000000dea80000)
  from space 23552K, 48% used [0x00000000e0380000,0x00000000e0ea61e8,0x00000000e1a80000)
  to   space 24576K, 0% used [0x00000000dea80000,0x00000000dea80000,0x00000000e0280000)
 ParOldGen       total 290304K, used 239467K [0x0000000081600000, 0x0000000093180000, 0x00000000d5d00000)
  object space 290304K, 82% used [0x0000000081600000,0x000000008ffdae30,0x0000000093180000)
 Metaspace       used 150528K, capacity 162932K, committed 163072K, reserved 1193984K
  class space    used 16892K, capacity 18904K, committed 18944K, reserved 1048576K
Event: 4119.949 GC heap after
Heap after GC invocations=241 (full 40):
 PSYoungGen      total 169472K, used 13818K [0x00000000d5d00000, 0x00000000e1a00000, 0x0000000100000000)
  eden space 144896K, 0% used [0x00000000d5d00000,0x00000000d5d00000,0x00000000dea80000)
  from space 24576K, 56% used [0x00000000dea80000,0x00000000df7feb80,0x00000000e0280000)
  to   space 23552K, 0% used [0x00000000e0300000,0x00000000e0300000,0x00000000e1a00000)
 ParOldGen       total 290304K, used 239475K [0x0000000081600000, 0x0000000093180000, 0x00000000d5d00000)
  object space 290304K, 82% used [0x0000000081600000,0x000000008ffdce30,0x0000000093180000)
 Metaspace       used 150528K, capacity 162932K, committed 163072K, reserved 1193984K
  class space    used 16892K, capacity 18904K, committed 18944K, reserved 1048576K
}

