# JRE version: Java(TM) SE Runtime Environment (8.0_05-b13) (build 1.8.0_05-b13)
# Java VM: Java HotSpot(TM) 64-Bit Server VM (25.5-b02 mixed mode windows-amd64 compressed oops)
Heap:
 PSYoungGen      total 131584K, used 60687K [0x00000000d5d00000, 0x00000000dfb00000, 0x0000000100000000)
  eden space 106496K, 41% used [0x00000000d5d00000,0x00000000d87e6ae0,0x00000000dc500000)
  from space 25088K, 66% used [0x00000000dc500000,0x00000000dd55d288,0x00000000ddd80000)
  to   space 26112K, 0% used [0x00000000de180000,0x00000000de180000,0x00000000dfb00000)
 ParOldGen       total 26624K, used 22945K [0x0000000081600000, 0x0000000083000000, 0x00000000d5d00000)
  object space 26624K, 86% used [0x0000000081600000,0x0000000082c686e8,0x0000000083000000)
 Metaspace       used 67639K, capacity 71176K, committed 71296K, reserved 1112064K
  class space    used 8458K, capacity 9005K, committed 9088K, reserved 1048576K
GC Heap History (10 events):
Event: 14.090 GC heap before
{Heap before GC invocations=39 (full 4):
 PSYoungGen      total 114176K, used 113219K [0x00000000d5d00000, 0x00000000de080000, 0x0000000100000000)
  eden space 99840K, 100% used [0x00000000d5d00000,0x00000000dbe80000,0x00000000dbe80000)
  from space 14336K, 93% used [0x00000000dce80000,0x00000000ddb90c60,0x00000000ddc80000)
  to   space 16384K, 0% used [0x00000000dbe80000,0x00000000dbe80000,0x00000000dce80000)
 ParOldGen       total 26624K, used 18550K [0x0000000081600000, 0x0000000083000000, 0x00000000d5d00000)
  object space 26624K, 69% used [0x0000000081600000,0x000000008281dab0,0x0000000083000000)
 Metaspace       used 57918K, capacity 60940K, committed 61184K, reserved 1101824K
  class space    used 7339K, capacity 7832K, committed 7936K, reserved 1048576K
Event: 14.112 GC heap after
Heap after GC invocations=39 (full 4):
 PSYoungGen      total 116224K, used 16371K [0x00000000d5d00000, 0x00000000dea00000, 0x0000000100000000)
  eden space 99840K, 0% used [0x00000000d5d00000,0x00000000d5d00000,0x00000000dbe80000)
  from space 16384K, 99% used [0x00000000dbe80000,0x00000000dce7cfd8,0x00000000dce80000)
  to   space 19456K, 0% used [0x00000000dd700000,0x00000000dd700000,0x00000000dea00000)
 ParOldGen       total 26624K, used 19307K [0x0000000081600000, 0x0000000083000000, 0x00000000d5d00000)
  object space 26624K, 72% used [0x0000000081600000,0x00000000828dae58,0x0000000083000000)
 Metaspace       used 57918K, capacity 60940K, committed 61184K, reserved 1101824K
  class space    used 7339K, capacity 7832K, committed 7936K, reserved 1048576K
}
Event: 15.780 GC heap before
{Heap before GC invocations=40 (full 4):
 PSYoungGen      total 116224K, used 116211K [0x00000000d5d00000, 0x00000000dea00000, 0x0000000100000000)
  eden space 99840K, 100% used [0x00000000d5d00000,0x00000000dbe80000,0x00000000dbe80000)
  from space 16384K, 99% used [0x00000000dbe80000,0x00000000dce7cfd8,0x00000000dce80000)
  to   space 19456K, 0% used [0x00000000dd700000,0x00000000dd700000,0x00000000dea00000)
 ParOldGen       total 26624K, used 19307K [0x0000000081600000, 0x0000000083000000, 0x00000000d5d00000)
  object space 26624K, 72% used [0x0000000081600000,0x00000000828dae58,0x0000000083000000)
 Metaspace       used 61585K, capacity 64708K, committed 64896K, reserved 1105920K
  class space    used 7758K, capacity 8240K, committed 8320K, reserved 1048576K
Event: 15.801 GC heap after
Heap after GC invocations=40 (full 4):
 PSYoungGen      total 123392K, used 14366K [0x00000000d5d00000, 0x00000000ded00000, 0x0000000100000000)
  eden space 103936K, 0% used [0x00000000d5d00000,0x00000000d5d00000,0x00000000dc280000)
  from space 19456K, 73% used [0x00000000dd700000,0x00000000de507890,0x00000000dea00000)
  to   space 20992K, 0% used [0x00000000dc280000,0x00000000dc280000,0x00000000dd700000)
 ParOldGen       total 26624K, used 22921K [0x0000000081600000, 0x0000000083000000, 0x00000000d5d00000)
  object space 26624K, 86% used [0x0000000081600000,0x0000000082c626e8,0x0000000083000000)
 Metaspace       used 61585K, capacity 64708K, committed 64896K, reserved 1105920K
  class space    used 7758K, capacity 8240K, committed 8320K, reserved 1048576K
}
Event: 27.672 GC heap before
{Heap before GC invocations=41 (full 4):
 PSYoungGen      total 123392K, used 118302K [0x00000000d5d00000, 0x00000000ded00000, 0x0000000100000000)
  eden space 103936K, 100% used [0x00000000d5d00000,0x00000000dc280000,0x00000000dc280000)
  from space 19456K, 73% used [0x00000000dd700000,0x00000000de507890,0x00000000dea00000)
  to   space 20992K, 0% used [0x00000000dc280000,0x00000000dc280000,0x00000000dd700000)
 ParOldGen       total 26624K, used 22921K [0x0000000081600000, 0x0000000083000000, 0x00000000d5d00000)
  object space 26624K, 86% used [0x0000000081600000,0x0000000082c626e8,0x0000000083000000)
 Metaspace       used 64823K, capacity 67982K, committed 68096K, reserved 1107968K
  class space    used 8165K, capacity 8678K, committed 8704K, reserved 1048576K
Event: 27.689 GC heap after
Heap after GC invocations=41 (full 4):
 PSYoungGen      total 124928K, used 18069K [0x00000000d5d00000, 0x00000000df400000, 0x0000000100000000)
  eden space 103936K, 0% used [0x00000000d5d00000,0x00000000d5d00000,0x00000000dc280000)
  from space 20992K, 86% used [0x00000000dc280000,0x00000000dd425658,0x00000000dd700000)
  to   space 23040K, 0% used [0x00000000ddd80000,0x00000000ddd80000,0x00000000df400000)
 ParOldGen       total 26624K, used 22929K [0x0000000081600000, 0x0000000083000000, 0x00000000d5d00000)
  object space 26624K, 86% used [0x0000000081600000,0x0000000082c646e8,0x0000000083000000)
 Metaspace       used 64823K, capacity 67982K, committed 68096K, reserved 1107968K
  class space    used 8165K, capacity 8678K, committed 8704K, reserved 1048576K
}
Event: 43.861 GC heap before
{Heap before GC invocations=42 (full 4):
 PSYoungGen      total 124928K, used 122005K [0x00000000d5d00000, 0x00000000df400000, 0x0000000100000000)
  eden space 103936K, 100% used [0x00000000d5d00000,0x00000000dc280000,0x00000000dc280000)
  from space 20992K, 86% used [0x00000000dc280000,0x00000000dd425658,0x00000000dd700000)
  to   space 23040K, 0% used [0x00000000ddd80000,0x00000000ddd80000,0x00000000df400000)
 ParOldGen       total 26624K, used 22929K [0x0000000081600000, 0x0000000083000000, 0x00000000d5d00000)
  object space 26624K, 86% used [0x0000000081600000,0x0000000082c646e8,0x0000000083000000)
 Metaspace       used 67472K, capacity 70956K, committed 71296K, reserved 1112064K
  class space    used 8445K, capacity 8989K, committed 9088K, reserved 1048576K
Event: 43.880 GC heap after
Heap after GC invocations=42 (full 4):
 PSYoungGen      total 129536K, used 18078K [0x00000000d5d00000, 0x00000000df700000, 0x0000000100000000)
  eden space 106496K, 0% used [0x00000000d5d00000,0x00000000d5d00000,0x00000000dc500000)
  from space 23040K, 78% used [0x00000000ddd80000,0x00000000def27948,0x00000000df400000)
  to   space 25088K, 0% used [0x00000000dc500000,0x00000000dc500000,0x00000000ddd80000)
 ParOldGen       total 26624K, used 22937K [0x0000000081600000, 0x0000000083000000, 0x00000000d5d00000)
  object space 26624K, 86% used [0x0000000081600000,0x0000000082c666e8,0x0000000083000000)
 Metaspace       used 67472K, capacity 70956K, committed 71296K, reserved 1112064K
  class space    used 8445K, capacity 8989K, committed 9088K, reserved 1048576K
}
Event: 104.112 GC heap before
{Heap before GC invocations=43 (full 4):
 PSYoungGen      total 129536K, used 124574K [0x00000000d5d00000, 0x00000000df700000, 0x0000000100000000)
  eden space 106496K, 100% used [0x00000000d5d00000,0x00000000dc500000,0x00000000dc500000)
  from space 23040K, 78% used [0x00000000ddd80000,0x00000000def27948,0x00000000df400000)
  to   space 25088K, 0% used [0x00000000dc500000,0x00000000dc500000,0x00000000ddd80000)
 ParOldGen       total 26624K, used 22937K [0x0000000081600000, 0x0000000083000000, 0x00000000d5d00000)
  object space 26624K, 86% used [0x0000000081600000,0x0000000082c666e8,0x0000000083000000)
 Metaspace       used 67621K, capacity 71176K, committed 71296K, reserved 1112064K
  class space    used 8458K, capacity 9005K, committed 9088K, reserved 1048576K
Event: 104.137 GC heap after
Heap after GC invocations=43 (full 4):
 PSYoungGen      total 131584K, used 16756K [0x00000000d5d00000, 0x00000000dfb00000, 0x0000000100000000)
  eden space 106496K, 0% used [0x00000000d5d00000,0x00000000d5d00000,0x00000000dc500000)
  from space 25088K, 66% used [0x00000000dc500000,0x00000000dd55d288,0x00000000ddd80000)
  to   space 26112K, 0% used [0x00000000de180000,0x00000000de180000,0x00000000dfb00000)
 ParOldGen       total 26624K, used 22945K [0x0000000081600000, 0x0000000083000000, 0x00000000d5d00000)
  object space 26624K, 86% used [0x0000000081600000,0x0000000082c686e8,0x0000000083000000)
 Metaspace       used 67621K, capacity 71176K, committed 71296K, reserved 1112064K
  class space    used 8458K, capacity 9005K, committed 9088K, reserved 1048576K
}

