# JRE version: Java(TM) SE Runtime Environment (8.0_05-b13) (build 1.8.0_05-b13)
# Java VM: Java HotSpot(TM) 64-Bit Server VM (25.5-b02 mixed mode windows-amd64 compressed oops)
Heap:
 PSYoungGen      total 142848K, used 18037K [0x00000000d5d00000, 0x00000000e0000000, 0x0000000100000000)
  eden space 122880K, 1% used [0x00000000d5d00000,0x00000000d5f11880,0x00000000dd500000)
  from space 19968K, 79% used [0x00000000de980000,0x00000000df90bd90,0x00000000dfd00000)
  to   space 20992K, 0% used [0x00000000dd500000,0x00000000dd500000,0x00000000de980000)
 ParOldGen       total 47104K, used 35354K [0x0000000081600000, 0x0000000084400000, 0x00000000d5d00000)
  object space 47104K, 75% used [0x0000000081600000,0x0000000083886a50,0x0000000084400000)
 Metaspace       used 75561K, capacity 80022K, committed 80256K, reserved 1120256K
  class space    used 9144K, capacity 9842K, committed 9856K, reserved 1048576K
GC Heap History (10 events):
Event: 745.626 GC heap before
{Heap before GC invocations=58 (full 8):
 PSYoungGen      total 137216K, used 119263K [0x00000000d5d00000, 0x00000000df800000, 0x0000000100000000)
  eden space 116736K, 100% used [0x00000000d5d00000,0x00000000dcf00000,0x00000000dcf00000)
  from space 20480K, 12% used [0x00000000de400000,0x00000000de677eb0,0x00000000df800000)
  to   space 20992K, 0% used [0x00000000dcf00000,0x00000000dcf00000,0x00000000de380000)
 ParOldGen       total 35328K, used 35208K [0x0000000081600000, 0x0000000083880000, 0x00000000d5d00000)
  object space 35328K, 99% used [0x0000000081600000,0x0000000083862280,0x0000000083880000)
 Metaspace       used 73173K, capacity 77524K, committed 77824K, reserved 1118208K
  class space    used 8935K, capacity 9597K, committed 9728K, reserved 1048576K
Event: 745.826 GC heap after
Heap after GC invocations=58 (full 8):
 PSYoungGen      total 137216K, used 9509K [0x00000000d5d00000, 0x00000000df800000, 0x0000000100000000)
  eden space 116736K, 8% used [0x00000000d5d00000,0x00000000d66497a8,0x00000000dcf00000)
  from space 20480K, 0% used [0x00000000de400000,0x00000000de400000,0x00000000df800000)
  to   space 20992K, 0% used [0x00000000dcf00000,0x00000000dcf00000,0x00000000de380000)
 ParOldGen       total 47104K, used 35322K [0x0000000081600000, 0x0000000084400000, 0x00000000d5d00000)
  object space 47104K, 74% used [0x0000000081600000,0x000000008387ea50,0x0000000084400000)
 Metaspace       used 73173K, capacity 77524K, committed 77824K, reserved 1118208K
  class space    used 8935K, capacity 9597K, committed 9728K, reserved 1048576K
}
Event: 746.243 GC heap before
{Heap before GC invocations=59 (full 8):
 PSYoungGen      total 137216K, used 116736K [0x00000000d5d00000, 0x00000000df800000, 0x0000000100000000)
  eden space 116736K, 100% used [0x00000000d5d00000,0x00000000dcf00000,0x00000000dcf00000)
  from space 20480K, 0% used [0x00000000de400000,0x00000000de400000,0x00000000df800000)
  to   space 20992K, 0% used [0x00000000dcf00000,0x00000000dcf00000,0x00000000de380000)
 ParOldGen       total 47104K, used 35322K [0x0000000081600000, 0x0000000084400000, 0x00000000d5d00000)
  object space 47104K, 74% used [0x0000000081600000,0x000000008387ea50,0x0000000084400000)
 Metaspace       used 73678K, capacity 78058K, committed 78336K, reserved 1118208K
  class space    used 8984K, capacity 9664K, committed 9728K, reserved 1048576K
Event: 746.259 GC heap after
Heap after GC invocations=59 (full 8):
 PSYoungGen      total 137728K, used 9129K [0x00000000d5d00000, 0x00000000df900000, 0x0000000100000000)
  eden space 116736K, 0% used [0x00000000d5d00000,0x00000000d5d00000,0x00000000dcf00000)
  from space 20992K, 43% used [0x00000000dcf00000,0x00000000dd7ea768,0x00000000de380000)
  to   space 19968K, 0% used [0x00000000de580000,0x00000000de580000,0x00000000df900000)
 ParOldGen       total 47104K, used 35330K [0x0000000081600000, 0x0000000084400000, 0x00000000d5d00000)
  object space 47104K, 75% used [0x0000000081600000,0x0000000083880a50,0x0000000084400000)
 Metaspace       used 73678K, capacity 78058K, committed 78336K, reserved 1118208K
  class space    used 8984K, capacity 9664K, committed 9728K, reserved 1048576K
}
Event: 746.769 GC heap before
{Heap before GC invocations=60 (full 8):
 PSYoungGen      total 137728K, used 125865K [0x00000000d5d00000, 0x00000000df900000, 0x0000000100000000)
  eden space 116736K, 100% used [0x00000000d5d00000,0x00000000dcf00000,0x00000000dcf00000)
  from space 20992K, 43% used [0x00000000dcf00000,0x00000000dd7ea768,0x00000000de380000)
  to   space 19968K, 0% used [0x00000000de580000,0x00000000de580000,0x00000000df900000)
 ParOldGen       total 47104K, used 35330K [0x0000000081600000, 0x0000000084400000, 0x00000000d5d00000)
  object space 47104K, 75% used [0x0000000081600000,0x0000000083880a50,0x0000000084400000)
 Metaspace       used 74207K, capacity 78586K, committed 78848K, reserved 1118208K
  class space    used 9037K, capacity 9704K, committed 9728K, reserved 1048576K
Event: 746.777 GC heap after
Heap after GC invocations=60 (full 8):
 PSYoungGen      total 139776K, used 10555K [0x00000000d5d00000, 0x00000000df880000, 0x0000000100000000)
  eden space 120320K, 0% used [0x00000000d5d00000,0x00000000d5d00000,0x00000000dd280000)
  from space 19456K, 54% used [0x00000000de580000,0x00000000defcec08,0x00000000df880000)
  to   space 19456K, 0% used [0x00000000dd280000,0x00000000dd280000,0x00000000de580000)
 ParOldGen       total 47104K, used 35338K [0x0000000081600000, 0x0000000084400000, 0x00000000d5d00000)
  object space 47104K, 75% used [0x0000000081600000,0x0000000083882a50,0x0000000084400000)
 Metaspace       used 74207K, capacity 78586K, committed 78848K, reserved 1118208K
  class space    used 9037K, capacity 9704K, committed 9728K, reserved 1048576K
}
Event: 748.939 GC heap before
{Heap before GC invocations=61 (full 8):
 PSYoungGen      total 139776K, used 130875K [0x00000000d5d00000, 0x00000000df880000, 0x0000000100000000)
  eden space 120320K, 100% used [0x00000000d5d00000,0x00000000dd280000,0x00000000dd280000)
  from space 19456K, 54% used [0x00000000de580000,0x00000000defcec08,0x00000000df880000)
  to   space 19456K, 0% used [0x00000000dd280000,0x00000000dd280000,0x00000000de580000)
 ParOldGen       total 47104K, used 35338K [0x0000000081600000, 0x0000000084400000, 0x00000000d5d00000)
  object space 47104K, 75% used [0x0000000081600000,0x0000000083882a50,0x0000000084400000)
 Metaspace       used 75233K, capacity 79656K, committed 80000K, reserved 1120256K
  class space    used 9114K, capacity 9787K, committed 9856K, reserved 1048576K
Event: 748.951 GC heap after
Heap after GC invocations=61 (full 8):
 PSYoungGen      total 139776K, used 14321K [0x00000000d5d00000, 0x00000000dfd00000, 0x0000000100000000)
  eden space 120320K, 0% used [0x00000000d5d00000,0x00000000d5d00000,0x00000000dd280000)
  from space 19456K, 73% used [0x00000000dd280000,0x00000000de07c718,0x00000000de580000)
  to   space 19968K, 0% used [0x00000000de980000,0x00000000de980000,0x00000000dfd00000)
 ParOldGen       total 47104K, used 35346K [0x0000000081600000, 0x0000000084400000, 0x00000000d5d00000)
  object space 47104K, 75% used [0x0000000081600000,0x0000000083884a50,0x0000000084400000)
 Metaspace       used 75233K, capacity 79656K, committed 80000K, reserved 1120256K
  class space    used 9114K, capacity 9787K, committed 9856K, reserved 1048576K
}
Event: 749.849 GC heap before
{Heap before GC invocations=62 (full 8):
 PSYoungGen      total 139776K, used 134641K [0x00000000d5d00000, 0x00000000dfd00000, 0x0000000100000000)
  eden space 120320K, 100% used [0x00000000d5d00000,0x00000000dd280000,0x00000000dd280000)
  from space 19456K, 73% used [0x00000000dd280000,0x00000000de07c718,0x00000000de580000)
  to   space 19968K, 0% used [0x00000000de980000,0x00000000de980000,0x00000000dfd00000)
 ParOldGen       total 47104K, used 35346K [0x0000000081600000, 0x0000000084400000, 0x00000000d5d00000)
  object space 47104K, 75% used [0x0000000081600000,0x0000000083884a50,0x0000000084400000)
 Metaspace       used 75522K, capacity 80022K, committed 80256K, reserved 1120256K
  class space    used 9142K, capacity 9842K, committed 9856K, reserved 1048576K
Event: 749.872 GC heap after
Heap after GC invocations=62 (full 8):
 PSYoungGen      total 142848K, used 15919K [0x00000000d5d00000, 0x00000000e0000000, 0x0000000100000000)
  eden space 122880K, 0% used [0x00000000d5d00000,0x00000000d5d00000,0x00000000dd500000)
  from space 19968K, 79% used [0x00000000de980000,0x00000000df90bd90,0x00000000dfd00000)
  to   space 20992K, 0% used [0x00000000dd500000,0x00000000dd500000,0x00000000de980000)
 ParOldGen       total 47104K, used 35354K [0x0000000081600000, 0x0000000084400000, 0x00000000d5d00000)
  object space 47104K, 75% used [0x0000000081600000,0x0000000083886a50,0x0000000084400000)
 Metaspace       used 75522K, capacity 80022K, committed 80256K, reserved 1120256K
  class space    used 9142K, capacity 9842K, committed 9856K, reserved 1048576K
}

