# JRE version: Java(TM) SE Runtime Environment (8.0_05-b13) (build 1.8.0_05-b13)
# Java VM: Java HotSpot(TM) 64-Bit Server VM (25.5-b02 mixed mode windows-amd64 compressed oops)
Heap:
 PSYoungGen      total 189952K, used 174994K [0x00000000d5d00000, 0x00000000e2b80000, 0x0000000100000000)
  eden space 169472K, 98% used [0x00000000d5d00000,0x00000000dffd1eb8,0x00000000e0280000)
  from space 20480K, 40% used [0x00000000e1780000,0x00000000e1f92bf8,0x00000000e2b80000)
  to   space 20992K, 0% used [0x00000000e0280000,0x00000000e0280000,0x00000000e1700000)
 ParOldGen       total 117760K, used 107818K [0x0000000081600000, 0x0000000088900000, 0x00000000d5d00000)
  object space 117760K, 91% used [0x0000000081600000,0x0000000087f4aa38,0x0000000088900000)
 Metaspace       used 96011K, capacity 101538K, committed 101760K, reserved 1138688K
  class space    used 11154K, capacity 12058K, committed 12160K, reserved 1048576K
GC Heap History (10 events):
Event: 1634.775 GC heap before
{Heap before GC invocations=107 (full 18):
 PSYoungGen      total 187392K, used 172330K [0x00000000d5d00000, 0x00000000e2b00000, 0x0000000100000000)
  eden space 164352K, 100% used [0x00000000d5d00000,0x00000000dfd80000,0x00000000dfd80000)
  from space 23040K, 34% used [0x00000000e1400000,0x00000000e1bcabf8,0x00000000e2a80000)
  to   space 23040K, 0% used [0x00000000dfd80000,0x00000000dfd80000,0x00000000e1400000)
 ParOldGen       total 117760K, used 101060K [0x0000000081600000, 0x0000000088900000, 0x00000000d5d00000)
  object space 117760K, 85% used [0x0000000081600000,0x00000000878b1378,0x0000000088900000)
 Metaspace       used 93332K, capacity 98704K, committed 98944K, reserved 1136640K
  class space    used 10902K, capacity 11784K, committed 11904K, reserved 1048576K
Event: 1634.784 GC heap after
Heap after GC invocations=107 (full 18):
 PSYoungGen      total 187392K, used 12784K [0x00000000d5d00000, 0x00000000e2b00000, 0x0000000100000000)
  eden space 164352K, 0% used [0x00000000d5d00000,0x00000000d5d00000,0x00000000dfd80000)
  from space 23040K, 55% used [0x00000000dfd80000,0x00000000e09fc1d0,0x00000000e1400000)
  to   space 22016K, 0% used [0x00000000e1580000,0x00000000e1580000,0x00000000e2b00000)
 ParOldGen       total 117760K, used 101068K [0x0000000081600000, 0x0000000088900000, 0x00000000d5d00000)
  object space 117760K, 85% used [0x0000000081600000,0x00000000878b3378,0x0000000088900000)
 Metaspace       used 93332K, capacity 98704K, committed 98944K, reserved 1136640K
  class space    used 10902K, capacity 11784K, committed 11904K, reserved 1048576K
}
Event: 1644.063 GC heap before
{Heap before GC invocations=108 (full 18):
 PSYoungGen      total 187392K, used 116159K [0x00000000d5d00000, 0x00000000e2b00000, 0x0000000100000000)
  eden space 164352K, 62% used [0x00000000d5d00000,0x00000000dc1f3cb8,0x00000000dfd80000)
  from space 23040K, 55% used [0x00000000dfd80000,0x00000000e09fc1d0,0x00000000e1400000)
  to   space 22016K, 0% used [0x00000000e1580000,0x00000000e1580000,0x00000000e2b00000)
 ParOldGen       total 117760K, used 101068K [0x0000000081600000, 0x0000000088900000, 0x00000000d5d00000)
  object space 117760K, 85% used [0x0000000081600000,0x00000000878b3378,0x0000000088900000)
 Metaspace       used 93462K, capacity 98820K, committed 98944K, reserved 1136640K
  class space    used 10920K, capacity 11821K, committed 11904K, reserved 1048576K
Event: 1644.071 GC heap after
Heap after GC invocations=108 (full 18):
 PSYoungGen      total 188928K, used 7722K [0x00000000d5d00000, 0x00000000e2b00000, 0x0000000100000000)
  eden space 166912K, 0% used [0x00000000d5d00000,0x00000000d5d00000,0x00000000e0000000)
  from space 22016K, 35% used [0x00000000e1580000,0x00000000e1d0ab30,0x00000000e2b00000)
  to   space 22016K, 0% used [0x00000000e0000000,0x00000000e0000000,0x00000000e1580000)
 ParOldGen       total 117760K, used 101076K [0x0000000081600000, 0x0000000088900000, 0x00000000d5d00000)
  object space 117760K, 85% used [0x0000000081600000,0x00000000878b5378,0x0000000088900000)
 Metaspace       used 93462K, capacity 98820K, committed 98944K, reserved 1136640K
  class space    used 10920K, capacity 11821K, committed 11904K, reserved 1048576K
}
Event: 1644.071 GC heap before
{Heap before GC invocations=109 (full 19):
 PSYoungGen      total 188928K, used 7722K [0x00000000d5d00000, 0x00000000e2b00000, 0x0000000100000000)
  eden space 166912K, 0% used [0x00000000d5d00000,0x00000000d5d00000,0x00000000e0000000)
  from space 22016K, 35% used [0x00000000e1580000,0x00000000e1d0ab30,0x00000000e2b00000)
  to   space 22016K, 0% used [0x00000000e0000000,0x00000000e0000000,0x00000000e1580000)
 ParOldGen       total 117760K, used 101076K [0x0000000081600000, 0x0000000088900000, 0x00000000d5d00000)
  object space 117760K, 85% used [0x0000000081600000,0x00000000878b5378,0x0000000088900000)
 Metaspace       used 93462K, capacity 98820K, committed 98944K, reserved 1136640K
  class space    used 10920K, capacity 11821K, committed 11904K, reserved 1048576K
Event: 1644.480 GC heap after
Heap after GC invocations=109 (full 19):
 PSYoungGen      total 188928K, used 0K [0x00000000d5d00000, 0x00000000e2b00000, 0x0000000100000000)
  eden space 166912K, 0% used [0x00000000d5d00000,0x00000000d5d00000,0x00000000e0000000)
  from space 22016K, 0% used [0x00000000e1580000,0x00000000e1580000,0x00000000e2b00000)
  to   space 22016K, 0% used [0x00000000e0000000,0x00000000e0000000,0x00000000e1580000)
 ParOldGen       total 117760K, used 107818K [0x0000000081600000, 0x0000000088900000, 0x00000000d5d00000)
  object space 117760K, 91% used [0x0000000081600000,0x0000000087f4aa38,0x0000000088900000)
 Metaspace       used 93417K, capacity 98748K, committed 98944K, reserved 1136640K
  class space    used 10913K, capacity 11809K, committed 11904K, reserved 1048576K
}
Event: 1645.536 GC heap before
{Heap before GC invocations=110 (full 19):
 PSYoungGen      total 188928K, used 166912K [0x00000000d5d00000, 0x00000000e2b00000, 0x0000000100000000)
  eden space 166912K, 100% used [0x00000000d5d00000,0x00000000e0000000,0x00000000e0000000)
  from space 22016K, 0% used [0x00000000e1580000,0x00000000e1580000,0x00000000e2b00000)
  to   space 22016K, 0% used [0x00000000e0000000,0x00000000e0000000,0x00000000e1580000)
 ParOldGen       total 117760K, used 107818K [0x0000000081600000, 0x0000000088900000, 0x00000000d5d00000)
  object space 117760K, 91% used [0x0000000081600000,0x0000000087f4aa38,0x0000000088900000)
 Metaspace       used 94321K, capacity 99640K, committed 99840K, reserved 1136640K
  class space    used 11016K, capacity 11913K, committed 12032K, reserved 1048576K
Event: 1645.545 GC heap after
Heap after GC invocations=110 (full 19):
 PSYoungGen      total 188928K, used 9252K [0x00000000d5d00000, 0x00000000e2c80000, 0x0000000100000000)
  eden space 166912K, 0% used [0x00000000d5d00000,0x00000000d5d00000,0x00000000e0000000)
  from space 22016K, 42% used [0x00000000e0000000,0x00000000e09090d0,0x00000000e1580000)
  to   space 21504K, 0% used [0x00000000e1780000,0x00000000e1780000,0x00000000e2c80000)
 ParOldGen       total 117760K, used 107818K [0x0000000081600000, 0x0000000088900000, 0x00000000d5d00000)
  object space 117760K, 91% used [0x0000000081600000,0x0000000087f4aa38,0x0000000088900000)
 Metaspace       used 94321K, capacity 99640K, committed 99840K, reserved 1136640K
  class space    used 11016K, capacity 11913K, committed 12032K, reserved 1048576K
}
Event: 1646.040 GC heap before
{Heap before GC invocations=111 (full 19):
 PSYoungGen      total 188928K, used 176164K [0x00000000d5d00000, 0x00000000e2c80000, 0x0000000100000000)
  eden space 166912K, 100% used [0x00000000d5d00000,0x00000000e0000000,0x00000000e0000000)
  from space 22016K, 42% used [0x00000000e0000000,0x00000000e09090d0,0x00000000e1580000)
  to   space 21504K, 0% used [0x00000000e1780000,0x00000000e1780000,0x00000000e2c80000)
 ParOldGen       total 117760K, used 107818K [0x0000000081600000, 0x0000000088900000, 0x00000000d5d00000)
  object space 117760K, 91% used [0x0000000081600000,0x0000000087f4aa38,0x0000000088900000)
 Metaspace       used 94874K, capacity 100246K, committed 100352K, reserved 1138688K
  class space    used 11075K, capacity 11982K, committed 12032K, reserved 1048576K
Event: 1646.046 GC heap after
Heap after GC invocations=111 (full 19):
 PSYoungGen      total 189952K, used 8266K [0x00000000d5d00000, 0x00000000e2b80000, 0x0000000100000000)
  eden space 169472K, 0% used [0x00000000d5d00000,0x00000000d5d00000,0x00000000e0280000)
  from space 20480K, 40% used [0x00000000e1780000,0x00000000e1f92bf8,0x00000000e2b80000)
  to   space 20992K, 0% used [0x00000000e0280000,0x00000000e0280000,0x00000000e1700000)
 ParOldGen       total 117760K, used 107818K [0x0000000081600000, 0x0000000088900000, 0x00000000d5d00000)
  object space 117760K, 91% used [0x0000000081600000,0x0000000087f4aa38,0x0000000088900000)
 Metaspace       used 94874K, capacity 100246K, committed 100352K, reserved 1138688K
  class space    used 11075K, capacity 11982K, committed 12032K, reserved 1048576K
}

