# JRE version: Java(TM) SE Runtime Environment (8.0_05-b13) (build 1.8.0_05-b13)
# Java VM: Java HotSpot(TM) 64-Bit Server VM (25.5-b02 mixed mode windows-amd64 compressed oops)
Heap:
 PSYoungGen      total 135680K, used 103839K [0x00000000d5d00000, 0x00000000df580000, 0x0000000100000000)
  eden space 119296K, 75% used [0x00000000d5d00000,0x00000000db4e51a0,0x00000000dd180000)
  from space 16384K, 84% used [0x00000000dd180000,0x00000000ddf02b48,0x00000000de180000)
  to   space 17408K, 0% used [0x00000000de480000,0x00000000de480000,0x00000000df580000)
 ParOldGen       total 91648K, used 77915K [0x0000000081600000, 0x0000000086f80000, 0x00000000d5d00000)
  object space 91648K, 85% used [0x0000000081600000,0x0000000086216cd0,0x0000000086f80000)
 Metaspace       used 92842K, capacity 98842K, committed 98944K, reserved 1136640K
  class space    used 10824K, capacity 11811K, committed 11904K, reserved 1048576K
GC Heap History (10 events):
Event: 1281.404 GC heap before
{Heap before GC invocations=116 (full 15):
 PSYoungGen      total 132096K, used 115200K [0x00000000d5d00000, 0x00000000def80000, 0x0000000100000000)
  eden space 115200K, 100% used [0x00000000d5d00000,0x00000000dcd80000,0x00000000dcd80000)
  from space 16896K, 0% used [0x00000000ddf00000,0x00000000ddf00000,0x00000000def80000)
  to   space 17408K, 0% used [0x00000000dcd80000,0x00000000dcd80000,0x00000000dde80000)
 ParOldGen       total 91648K, used 77883K [0x0000000081600000, 0x0000000086f80000, 0x00000000d5d00000)
  object space 91648K, 84% used [0x0000000081600000,0x000000008620ecd0,0x0000000086f80000)
 Metaspace       used 90261K, capacity 96042K, committed 96384K, reserved 1134592K
  class space    used 10606K, capacity 11553K, committed 11648K, reserved 1048576K
Event: 1281.412 GC heap after
Heap after GC invocations=116 (full 15):
 PSYoungGen      total 132608K, used 7473K [0x00000000d5d00000, 0x00000000df100000, 0x0000000100000000)
  eden space 115200K, 0% used [0x00000000d5d00000,0x00000000d5d00000,0x00000000dcd80000)
  from space 17408K, 42% used [0x00000000dcd80000,0x00000000dd4cc768,0x00000000dde80000)
  to   space 16896K, 0% used [0x00000000de080000,0x00000000de080000,0x00000000df100000)
 ParOldGen       total 91648K, used 77891K [0x0000000081600000, 0x0000000086f80000, 0x00000000d5d00000)
  object space 91648K, 84% used [0x0000000081600000,0x0000000086210cd0,0x0000000086f80000)
 Metaspace       used 90261K, capacity 96042K, committed 96384K, reserved 1134592K
  class space    used 10606K, capacity 11553K, committed 11648K, reserved 1048576K
}
Event: 1281.841 GC heap before
{Heap before GC invocations=117 (full 15):
 PSYoungGen      total 132608K, used 122673K [0x00000000d5d00000, 0x00000000df100000, 0x0000000100000000)
  eden space 115200K, 100% used [0x00000000d5d00000,0x00000000dcd80000,0x00000000dcd80000)
  from space 17408K, 42% used [0x00000000dcd80000,0x00000000dd4cc768,0x00000000dde80000)
  to   space 16896K, 0% used [0x00000000de080000,0x00000000de080000,0x00000000df100000)
 ParOldGen       total 91648K, used 77891K [0x0000000081600000, 0x0000000086f80000, 0x00000000d5d00000)
  object space 91648K, 84% used [0x0000000081600000,0x0000000086210cd0,0x0000000086f80000)
 Metaspace       used 90822K, capacity 96734K, committed 96896K, reserved 1134592K
  class space    used 10666K, capacity 11635K, committed 11648K, reserved 1048576K
Event: 1281.847 GC heap after
Heap after GC invocations=117 (full 15):
 PSYoungGen      total 133632K, used 6940K [0x00000000d5d00000, 0x00000000df000000, 0x0000000100000000)
  eden space 117760K, 0% used [0x00000000d5d00000,0x00000000d5d00000,0x00000000dd000000)
  from space 15872K, 43% used [0x00000000de080000,0x00000000de7471b0,0x00000000df000000)
  to   space 16384K, 0% used [0x00000000dd000000,0x00000000dd000000,0x00000000de000000)
 ParOldGen       total 91648K, used 77899K [0x0000000081600000, 0x0000000086f80000, 0x00000000d5d00000)
  object space 91648K, 84% used [0x0000000081600000,0x0000000086212cd0,0x0000000086f80000)
 Metaspace       used 90822K, capacity 96734K, committed 96896K, reserved 1134592K
  class space    used 10666K, capacity 11635K, committed 11648K, reserved 1048576K
}
Event: 1282.361 GC heap before
{Heap before GC invocations=118 (full 15):
 PSYoungGen      total 133632K, used 124700K [0x00000000d5d00000, 0x00000000df000000, 0x0000000100000000)
  eden space 117760K, 100% used [0x00000000d5d00000,0x00000000dd000000,0x00000000dd000000)
  from space 15872K, 43% used [0x00000000de080000,0x00000000de7471b0,0x00000000df000000)
  to   space 16384K, 0% used [0x00000000dd000000,0x00000000dd000000,0x00000000de000000)
 ParOldGen       total 91648K, used 77899K [0x0000000081600000, 0x0000000086f80000, 0x00000000d5d00000)
  object space 91648K, 84% used [0x0000000081600000,0x0000000086212cd0,0x0000000086f80000)
 Metaspace       used 91302K, capacity 97206K, committed 97536K, reserved 1134592K
  class space    used 10716K, capacity 11677K, committed 11776K, reserved 1048576K
Event: 1282.367 GC heap after
Heap after GC invocations=118 (full 15):
 PSYoungGen      total 134144K, used 8793K [0x00000000d5d00000, 0x00000000df100000, 0x0000000100000000)
  eden space 117760K, 0% used [0x00000000d5d00000,0x00000000d5d00000,0x00000000dd000000)
  from space 16384K, 53% used [0x00000000dd000000,0x00000000dd8967f8,0x00000000de000000)
  to   space 15872K, 0% used [0x00000000de180000,0x00000000de180000,0x00000000df100000)
 ParOldGen       total 91648K, used 77899K [0x0000000081600000, 0x0000000086f80000, 0x00000000d5d00000)
  object space 91648K, 84% used [0x0000000081600000,0x0000000086212cd0,0x0000000086f80000)
 Metaspace       used 91302K, capacity 97206K, committed 97536K, reserved 1134592K
  class space    used 10716K, capacity 11677K, committed 11776K, reserved 1048576K
}
Event: 1282.991 GC heap before
{Heap before GC invocations=119 (full 15):
 PSYoungGen      total 134144K, used 126553K [0x00000000d5d00000, 0x00000000df100000, 0x0000000100000000)
  eden space 117760K, 100% used [0x00000000d5d00000,0x00000000dd000000,0x00000000dd000000)
  from space 16384K, 53% used [0x00000000dd000000,0x00000000dd8967f8,0x00000000de000000)
  to   space 15872K, 0% used [0x00000000de180000,0x00000000de180000,0x00000000df100000)
 ParOldGen       total 91648K, used 77899K [0x0000000081600000, 0x0000000086f80000, 0x00000000d5d00000)
  object space 91648K, 84% used [0x0000000081600000,0x0000000086212cd0,0x0000000086f80000)
 Metaspace       used 92350K, capacity 98306K, committed 98560K, reserved 1136640K
  class space    used 10798K, capacity 11769K, committed 11776K, reserved 1048576K
Event: 1283.000 GC heap after
Heap after GC invocations=119 (full 15):
 PSYoungGen      total 135168K, used 11877K [0x00000000d5d00000, 0x00000000df200000, 0x0000000100000000)
  eden space 119296K, 0% used [0x00000000d5d00000,0x00000000d5d00000,0x00000000dd180000)
  from space 15872K, 74% used [0x00000000de180000,0x00000000ded195f8,0x00000000df100000)
  to   space 16384K, 0% used [0x00000000dd180000,0x00000000dd180000,0x00000000de180000)
 ParOldGen       total 91648K, used 77907K [0x0000000081600000, 0x0000000086f80000, 0x00000000d5d00000)
  object space 91648K, 85% used [0x0000000081600000,0x0000000086214cd0,0x0000000086f80000)
 Metaspace       used 92350K, capacity 98306K, committed 98560K, reserved 1136640K
  class space    used 10798K, capacity 11769K, committed 11776K, reserved 1048576K
}
Event: 1288.250 GC heap before
{Heap before GC invocations=120 (full 15):
 PSYoungGen      total 135168K, used 131173K [0x00000000d5d00000, 0x00000000df200000, 0x0000000100000000)
  eden space 119296K, 100% used [0x00000000d5d00000,0x00000000dd180000,0x00000000dd180000)
  from space 15872K, 74% used [0x00000000de180000,0x00000000ded195f8,0x00000000df100000)
  to   space 16384K, 0% used [0x00000000dd180000,0x00000000dd180000,0x00000000de180000)
 ParOldGen       total 91648K, used 77907K [0x0000000081600000, 0x0000000086f80000, 0x00000000d5d00000)
  object space 91648K, 85% used [0x0000000081600000,0x0000000086214cd0,0x0000000086f80000)
 Metaspace       used 92507K, capacity 98458K, committed 98688K, reserved 1136640K
  class space    used 10819K, capacity 11811K, committed 11904K, reserved 1048576K
Event: 1288.259 GC heap after
Heap after GC invocations=120 (full 15):
 PSYoungGen      total 135680K, used 13834K [0x00000000d5d00000, 0x00000000df580000, 0x0000000100000000)
  eden space 119296K, 0% used [0x00000000d5d00000,0x00000000d5d00000,0x00000000dd180000)
  from space 16384K, 84% used [0x00000000dd180000,0x00000000ddf02b48,0x00000000de180000)
  to   space 17408K, 0% used [0x00000000de480000,0x00000000de480000,0x00000000df580000)
 ParOldGen       total 91648K, used 77915K [0x0000000081600000, 0x0000000086f80000, 0x00000000d5d00000)
  object space 91648K, 85% used [0x0000000081600000,0x0000000086216cd0,0x0000000086f80000)
 Metaspace       used 92507K, capacity 98458K, committed 98688K, reserved 1136640K
  class space    used 10819K, capacity 11811K, committed 11904K, reserved 1048576K
}

