# JRE version: Java(TM) SE Runtime Environment (8.0_05-b13) (build 1.8.0_05-b13)
# Java VM: Java HotSpot(TM) 64-Bit Server VM (25.5-b02 mixed mode windows-amd64 compressed oops)
Heap:
 PSYoungGen      total 138240K, used 81749K [0x00000000d5d00000, 0x00000000e0080000, 0x0000000100000000)
  eden space 115712K, 55% used [0x00000000d5d00000,0x00000000d9b499c0,0x00000000dce00000)
  from space 22528K, 79% used [0x00000000dce00000,0x00000000ddf8bb28,0x00000000de400000)
  to   space 24064K, 0% used [0x00000000de900000,0x00000000de900000,0x00000000e0080000)
 ParOldGen       total 39424K, used 27674K [0x0000000081600000, 0x0000000083c80000, 0x00000000d5d00000)
  object space 39424K, 70% used [0x0000000081600000,0x0000000083106b50,0x0000000083c80000)
 Metaspace       used 69609K, capacity 73322K, committed 73472K, reserved 1114112K
  class space    used 8634K, capacity 9206K, committed 9216K, reserved 1048576K
GC Heap History (10 events):
Event: 90.816 GC heap before
{Heap before GC invocations=41 (full 6):
 PSYoungGen      total 132608K, used 109056K [0x00000000d5d00000, 0x00000000df580000, 0x0000000100000000)
  eden space 109056K, 100% used [0x00000000d5d00000,0x00000000dc780000,0x00000000dc780000)
  from space 23552K, 0% used [0x00000000dde80000,0x00000000dde80000,0x00000000df580000)
  to   space 23552K, 0% used [0x00000000dc780000,0x00000000dc780000,0x00000000dde80000)
 ParOldGen       total 39424K, used 27642K [0x0000000081600000, 0x0000000083c80000, 0x00000000d5d00000)
  object space 39424K, 70% used [0x0000000081600000,0x00000000830feb50,0x0000000083c80000)
 Metaspace       used 67080K, capacity 70566K, committed 70784K, reserved 1112064K
  class space    used 8447K, capacity 8998K, committed 9088K, reserved 1048576K
Event: 90.830 GC heap after
Heap after GC invocations=41 (full 6):
 PSYoungGen      total 132608K, used 8500K [0x00000000d5d00000, 0x00000000df500000, 0x0000000100000000)
  eden space 109056K, 0% used [0x00000000d5d00000,0x00000000d5d00000,0x00000000dc780000)
  from space 23552K, 36% used [0x00000000dc780000,0x00000000dcfcd150,0x00000000dde80000)
  to   space 22016K, 0% used [0x00000000ddf80000,0x00000000ddf80000,0x00000000df500000)
 ParOldGen       total 39424K, used 27650K [0x0000000081600000, 0x0000000083c80000, 0x00000000d5d00000)
  object space 39424K, 70% used [0x0000000081600000,0x0000000083100b50,0x0000000083c80000)
 Metaspace       used 67080K, capacity 70566K, committed 70784K, reserved 1112064K
  class space    used 8447K, capacity 8998K, committed 9088K, reserved 1048576K
}
Event: 91.026 GC heap before
{Heap before GC invocations=42 (full 6):
 PSYoungGen      total 132608K, used 117556K [0x00000000d5d00000, 0x00000000df500000, 0x0000000100000000)
  eden space 109056K, 100% used [0x00000000d5d00000,0x00000000dc780000,0x00000000dc780000)
  from space 23552K, 36% used [0x00000000dc780000,0x00000000dcfcd150,0x00000000dde80000)
  to   space 22016K, 0% used [0x00000000ddf80000,0x00000000ddf80000,0x00000000df500000)
 ParOldGen       total 39424K, used 27650K [0x0000000081600000, 0x0000000083c80000, 0x00000000d5d00000)
  object space 39424K, 70% used [0x0000000081600000,0x0000000083100b50,0x0000000083c80000)
 Metaspace       used 67526K, capacity 71066K, committed 71296K, reserved 1112064K
  class space    used 8488K, capacity 9032K, committed 9088K, reserved 1048576K
Event: 91.036 GC heap after
Heap after GC invocations=42 (full 6):
 PSYoungGen      total 134656K, used 9384K [0x00000000d5d00000, 0x00000000df580000, 0x0000000100000000)
  eden space 112640K, 0% used [0x00000000d5d00000,0x00000000d5d00000,0x00000000dcb00000)
  from space 22016K, 42% used [0x00000000ddf80000,0x00000000de8aa020,0x00000000df500000)
  to   space 20992K, 0% used [0x00000000dcb00000,0x00000000dcb00000,0x00000000ddf80000)
 ParOldGen       total 39424K, used 27658K [0x0000000081600000, 0x0000000083c80000, 0x00000000d5d00000)
  object space 39424K, 70% used [0x0000000081600000,0x0000000083102b50,0x0000000083c80000)
 Metaspace       used 67526K, capacity 71066K, committed 71296K, reserved 1112064K
  class space    used 8488K, capacity 9032K, committed 9088K, reserved 1048576K
}
Event: 92.248 GC heap before
{Heap before GC invocations=43 (full 6):
 PSYoungGen      total 134656K, used 122024K [0x00000000d5d00000, 0x00000000df580000, 0x0000000100000000)
  eden space 112640K, 100% used [0x00000000d5d00000,0x00000000dcb00000,0x00000000dcb00000)
  from space 22016K, 42% used [0x00000000ddf80000,0x00000000de8aa020,0x00000000df500000)
  to   space 20992K, 0% used [0x00000000dcb00000,0x00000000dcb00000,0x00000000ddf80000)
 ParOldGen       total 39424K, used 27658K [0x0000000081600000, 0x0000000083c80000, 0x00000000d5d00000)
  object space 39424K, 70% used [0x0000000081600000,0x0000000083102b50,0x0000000083c80000)
 Metaspace       used 68745K, capacity 72310K, committed 72448K, reserved 1112064K
  class space    used 8582K, capacity 9130K, committed 9216K, reserved 1048576K
Event: 92.260 GC heap after
Heap after GC invocations=43 (full 6):
 PSYoungGen      total 133632K, used 13184K [0x00000000d5d00000, 0x00000000df880000, 0x0000000100000000)
  eden space 112640K, 0% used [0x00000000d5d00000,0x00000000d5d00000,0x00000000dcb00000)
  from space 20992K, 62% used [0x00000000dcb00000,0x00000000dd7e0198,0x00000000ddf80000)
  to   space 20992K, 0% used [0x00000000de400000,0x00000000de400000,0x00000000df880000)
 ParOldGen       total 39424K, used 27658K [0x0000000081600000, 0x0000000083c80000, 0x00000000d5d00000)
  object space 39424K, 70% used [0x0000000081600000,0x0000000083102b50,0x0000000083c80000)
 Metaspace       used 68745K, capacity 72310K, committed 72448K, reserved 1112064K
  class space    used 8582K, capacity 9130K, committed 9216K, reserved 1048576K
}
Event: 93.177 GC heap before
{Heap before GC invocations=44 (full 6):
 PSYoungGen      total 133632K, used 125824K [0x00000000d5d00000, 0x00000000df880000, 0x0000000100000000)
  eden space 112640K, 100% used [0x00000000d5d00000,0x00000000dcb00000,0x00000000dcb00000)
  from space 20992K, 62% used [0x00000000dcb00000,0x00000000dd7e0198,0x00000000ddf80000)
  to   space 20992K, 0% used [0x00000000de400000,0x00000000de400000,0x00000000df880000)
 ParOldGen       total 39424K, used 27658K [0x0000000081600000, 0x0000000083c80000, 0x00000000d5d00000)
  object space 39424K, 70% used [0x0000000081600000,0x0000000083102b50,0x0000000083c80000)
 Metaspace       used 69063K, capacity 72696K, committed 72960K, reserved 1114112K
  class space    used 8608K, capacity 9177K, committed 9216K, reserved 1048576K
Event: 93.188 GC heap after
Heap after GC invocations=44 (full 6):
 PSYoungGen      total 136704K, used 15987K [0x00000000d5d00000, 0x00000000dfb80000, 0x0000000100000000)
  eden space 115712K, 0% used [0x00000000d5d00000,0x00000000d5d00000,0x00000000dce00000)
  from space 20992K, 76% used [0x00000000de400000,0x00000000df39cc00,0x00000000df880000)
  to   space 22528K, 0% used [0x00000000dce00000,0x00000000dce00000,0x00000000de400000)
 ParOldGen       total 39424K, used 27666K [0x0000000081600000, 0x0000000083c80000, 0x00000000d5d00000)
  object space 39424K, 70% used [0x0000000081600000,0x0000000083104b50,0x0000000083c80000)
 Metaspace       used 69063K, capacity 72696K, committed 72960K, reserved 1114112K
  class space    used 8608K, capacity 9177K, committed 9216K, reserved 1048576K
}
Event: 129.753 GC heap before
{Heap before GC invocations=45 (full 6):
 PSYoungGen      total 136704K, used 131699K [0x00000000d5d00000, 0x00000000dfb80000, 0x0000000100000000)
  eden space 115712K, 100% used [0x00000000d5d00000,0x00000000dce00000,0x00000000dce00000)
  from space 20992K, 76% used [0x00000000de400000,0x00000000df39cc00,0x00000000df880000)
  to   space 22528K, 0% used [0x00000000dce00000,0x00000000dce00000,0x00000000de400000)
 ParOldGen       total 39424K, used 27666K [0x0000000081600000, 0x0000000083c80000, 0x00000000d5d00000)
  object space 39424K, 70% used [0x0000000081600000,0x0000000083104b50,0x0000000083c80000)
 Metaspace       used 69567K, capacity 73320K, committed 73472K, reserved 1114112K
  class space    used 8633K, capacity 9205K, committed 9216K, reserved 1048576K
Event: 129.766 GC heap after
Heap after GC invocations=45 (full 6):
 PSYoungGen      total 138240K, used 17966K [0x00000000d5d00000, 0x00000000e0080000, 0x0000000100000000)
  eden space 115712K, 0% used [0x00000000d5d00000,0x00000000d5d00000,0x00000000dce00000)
  from space 22528K, 79% used [0x00000000dce00000,0x00000000ddf8bb28,0x00000000de400000)
  to   space 24064K, 0% used [0x00000000de900000,0x00000000de900000,0x00000000e0080000)
 ParOldGen       total 39424K, used 27674K [0x0000000081600000, 0x0000000083c80000, 0x00000000d5d00000)
  object space 39424K, 70% used [0x0000000081600000,0x0000000083106b50,0x0000000083c80000)
 Metaspace       used 69567K, capacity 73320K, committed 73472K, reserved 1114112K
  class space    used 8633K, capacity 9205K, committed 9216K, reserved 1048576K
}

