# JRE version: Java(TM) SE Runtime Environment (8.0_05-b13) (build 1.8.0_05-b13)
# Java VM: Java HotSpot(TM) 64-Bit Server VM (25.5-b02 mixed mode windows-amd64 compressed oops)
Heap:
 PSYoungGen      total 135680K, used 58195K [0x00000000d5d00000, 0x00000000dfd80000, 0x0000000100000000)
  eden space 112128K, 34% used [0x00000000d5d00000,0x00000000d831fd28,0x00000000dca80000)
  from space 23552K, 81% used [0x00000000de380000,0x00000000df634ef0,0x00000000dfa80000)
  to   space 25600K, 0% used [0x00000000dca80000,0x00000000dca80000,0x00000000de380000)
 ParOldGen       total 39936K, used 28177K [0x0000000081600000, 0x0000000083d00000, 0x00000000d5d00000)
  object space 39936K, 70% used [0x0000000081600000,0x0000000083184578,0x0000000083d00000)
 Metaspace       used 70507K, capacity 74750K, committed 75008K, reserved 1114112K
  class space    used 8726K, capacity 9366K, committed 9472K, reserved 1048576K
GC Heap History (10 events):
Event: 70.500 GC heap before
{Heap before GC invocations=42 (full 6):
 PSYoungGen      total 126976K, used 112401K [0x00000000d5d00000, 0x00000000def00000, 0x0000000100000000)
  eden space 104448K, 100% used [0x00000000d5d00000,0x00000000dc300000,0x00000000dc300000)
  from space 22528K, 35% used [0x00000000dc300000,0x00000000dcac4788,0x00000000dd900000)
  to   space 21504K, 0% used [0x00000000dda00000,0x00000000dda00000,0x00000000def00000)
 ParOldGen       total 39936K, used 28153K [0x0000000081600000, 0x0000000083d00000, 0x00000000d5d00000)
  object space 39936K, 70% used [0x0000000081600000,0x000000008317e540,0x0000000083d00000)
 Metaspace       used 67926K, capacity 71584K, committed 71936K, reserved 1112064K
  class space    used 8536K, capacity 9117K, committed 9216K, reserved 1048576K
Event: 70.508 GC heap after
Heap after GC invocations=42 (full 6):
 PSYoungGen      total 129024K, used 8624K [0x00000000d5d00000, 0x00000000def00000, 0x0000000100000000)
  eden space 107520K, 0% used [0x00000000d5d00000,0x00000000d5d00000,0x00000000dc600000)
  from space 21504K, 40% used [0x00000000dda00000,0x00000000de26c080,0x00000000def00000)
  to   space 20480K, 0% used [0x00000000dc600000,0x00000000dc600000,0x00000000dda00000)
 ParOldGen       total 39936K, used 28153K [0x0000000081600000, 0x0000000083d00000, 0x00000000d5d00000)
  object space 39936K, 70% used [0x0000000081600000,0x000000008317e540,0x0000000083d00000)
 Metaspace       used 67926K, capacity 71584K, committed 71936K, reserved 1112064K
  class space    used 8536K, capacity 9117K, committed 9216K, reserved 1048576K
}
Event: 71.577 GC heap before
{Heap before GC invocations=43 (full 6):
 PSYoungGen      total 129024K, used 116144K [0x00000000d5d00000, 0x00000000def00000, 0x0000000100000000)
  eden space 107520K, 100% used [0x00000000d5d00000,0x00000000dc600000,0x00000000dc600000)
  from space 21504K, 40% used [0x00000000dda00000,0x00000000de26c080,0x00000000def00000)
  to   space 20480K, 0% used [0x00000000dc600000,0x00000000dc600000,0x00000000dda00000)
 ParOldGen       total 39936K, used 28153K [0x0000000081600000, 0x0000000083d00000, 0x00000000d5d00000)
  object space 39936K, 70% used [0x0000000081600000,0x000000008317e540,0x0000000083d00000)
 Metaspace       used 69165K, capacity 72966K, committed 73216K, reserved 1114112K
  class space    used 8631K, capacity 9214K, committed 9216K, reserved 1048576K
Event: 71.590 GC heap after
Heap after GC invocations=43 (full 6):
 PSYoungGen      total 128000K, used 11906K [0x00000000d5d00000, 0x00000000df200000, 0x0000000100000000)
  eden space 107520K, 0% used [0x00000000d5d00000,0x00000000d5d00000,0x00000000dc600000)
  from space 20480K, 58% used [0x00000000dc600000,0x00000000dd1a09a8,0x00000000dda00000)
  to   space 20480K, 0% used [0x00000000dde00000,0x00000000dde00000,0x00000000df200000)
 ParOldGen       total 39936K, used 28161K [0x0000000081600000, 0x0000000083d00000, 0x00000000d5d00000)
  object space 39936K, 70% used [0x0000000081600000,0x0000000083180540,0x0000000083d00000)
 Metaspace       used 69165K, capacity 72966K, committed 73216K, reserved 1114112K
  class space    used 8631K, capacity 9214K, committed 9216K, reserved 1048576K
}
Event: 72.510 GC heap before
{Heap before GC invocations=44 (full 6):
 PSYoungGen      total 128000K, used 119426K [0x00000000d5d00000, 0x00000000df200000, 0x0000000100000000)
  eden space 107520K, 100% used [0x00000000d5d00000,0x00000000dc600000,0x00000000dc600000)
  from space 20480K, 58% used [0x00000000dc600000,0x00000000dd1a09a8,0x00000000dda00000)
  to   space 20480K, 0% used [0x00000000dde00000,0x00000000dde00000,0x00000000df200000)
 ParOldGen       total 39936K, used 28161K [0x0000000081600000, 0x0000000083d00000, 0x00000000d5d00000)
  object space 39936K, 70% used [0x0000000081600000,0x0000000083180540,0x0000000083d00000)
 Metaspace       used 69402K, capacity 73268K, committed 73600K, reserved 1114112K
  class space    used 8654K, capacity 9231K, committed 9344K, reserved 1048576K
Event: 72.530 GC heap after
Heap after GC invocations=44 (full 6):
 PSYoungGen      total 131072K, used 15262K [0x00000000d5d00000, 0x00000000df400000, 0x0000000100000000)
  eden space 110592K, 0% used [0x00000000d5d00000,0x00000000d5d00000,0x00000000dc900000)
  from space 20480K, 74% used [0x00000000dde00000,0x00000000dece79c0,0x00000000df200000)
  to   space 21504K, 0% used [0x00000000dc900000,0x00000000dc900000,0x00000000dde00000)
 ParOldGen       total 39936K, used 28161K [0x0000000081600000, 0x0000000083d00000, 0x00000000d5d00000)
  object space 39936K, 70% used [0x0000000081600000,0x0000000083180540,0x0000000083d00000)
 Metaspace       used 69402K, capacity 73268K, committed 73600K, reserved 1114112K
  class space    used 8654K, capacity 9231K, committed 9344K, reserved 1048576K
}
Event: 98.055 GC heap before
{Heap before GC invocations=45 (full 6):
 PSYoungGen      total 131072K, used 125854K [0x00000000d5d00000, 0x00000000df400000, 0x0000000100000000)
  eden space 110592K, 100% used [0x00000000d5d00000,0x00000000dc900000,0x00000000dc900000)
  from space 20480K, 74% used [0x00000000dde00000,0x00000000dece79c0,0x00000000df200000)
  to   space 21504K, 0% used [0x00000000dc900000,0x00000000dc900000,0x00000000dde00000)
 ParOldGen       total 39936K, used 28161K [0x0000000081600000, 0x0000000083d00000, 0x00000000d5d00000)
  object space 39936K, 70% used [0x0000000081600000,0x0000000083180540,0x0000000083d00000)
 Metaspace       used 70232K, capacity 74434K, committed 74752K, reserved 1114112K
  class space    used 8714K, capacity 9346K, committed 9472K, reserved 1048576K
Event: 98.066 GC heap after
Heap after GC invocations=45 (full 6):
 PSYoungGen      total 132096K, used 18654K [0x00000000d5d00000, 0x00000000dfa80000, 0x0000000100000000)
  eden space 110592K, 0% used [0x00000000d5d00000,0x00000000d5d00000,0x00000000dc900000)
  from space 21504K, 86% used [0x00000000dc900000,0x00000000ddb37ad8,0x00000000dde00000)
  to   space 23552K, 0% used [0x00000000de380000,0x00000000de380000,0x00000000dfa80000)
 ParOldGen       total 39936K, used 28169K [0x0000000081600000, 0x0000000083d00000, 0x00000000d5d00000)
  object space 39936K, 70% used [0x0000000081600000,0x0000000083182540,0x0000000083d00000)
 Metaspace       used 70232K, capacity 74434K, committed 74752K, reserved 1114112K
  class space    used 8714K, capacity 9346K, committed 9472K, reserved 1048576K
}
Event: 152.307 GC heap before
{Heap before GC invocations=46 (full 6):
 PSYoungGen      total 132096K, used 129246K [0x00000000d5d00000, 0x00000000dfa80000, 0x0000000100000000)
  eden space 110592K, 100% used [0x00000000d5d00000,0x00000000dc900000,0x00000000dc900000)
  from space 21504K, 86% used [0x00000000dc900000,0x00000000ddb37ad8,0x00000000dde00000)
  to   space 23552K, 0% used [0x00000000de380000,0x00000000de380000,0x00000000dfa80000)
 ParOldGen       total 39936K, used 28169K [0x0000000081600000, 0x0000000083d00000, 0x00000000d5d00000)
  object space 39936K, 70% used [0x0000000081600000,0x0000000083182578,0x0000000083d00000)
 Metaspace       used 70361K, capacity 74508K, committed 74752K, reserved 1114112K
  class space    used 8715K, capacity 9347K, committed 9472K, reserved 1048576K
Event: 152.328 GC heap after
Heap after GC invocations=46 (full 6):
 PSYoungGen      total 135680K, used 19155K [0x00000000d5d00000, 0x00000000dfd80000, 0x0000000100000000)
  eden space 112128K, 0% used [0x00000000d5d00000,0x00000000d5d00000,0x00000000dca80000)
  from space 23552K, 81% used [0x00000000de380000,0x00000000df634ef0,0x00000000dfa80000)
  to   space 25600K, 0% used [0x00000000dca80000,0x00000000dca80000,0x00000000de380000)
 ParOldGen       total 39936K, used 28177K [0x0000000081600000, 0x0000000083d00000, 0x00000000d5d00000)
  object space 39936K, 70% used [0x0000000081600000,0x0000000083184578,0x0000000083d00000)
 Metaspace       used 70361K, capacity 74508K, committed 74752K, reserved 1114112K
  class space    used 8715K, capacity 9347K, committed 9472K, reserved 1048576K
}

